20240505	00:10:02	d5ff972f-9a9a-4662-887f-06566eb1c135	GET	/	undefined
20240505	00:10:02	2da1ac08-129d-441e-b16f-eb53713c15ca	GET	/css/style.css	undefined
20240505	02:11:35	536e8ceb-810c-4e5a-8a13-9844bd50b6be	GET	/	undefined
20240505	02:11:48	c23d6440-25b5-4141-9f60-04f01897e213	GET	/users	undefined
20240505	02:11:58	da6be727-9712-4b29-9ed9-659721f3851e	POST	/users	undefined
20240505	02:12:21	dd98e0dd-bcca-4353-bade-c0cbde77b4aa	POST	/users	undefined
20240505	02:12:26	66e4d650-cfc8-4053-938e-3668899f1cae	GET	/users	undefined
20240505	02:13:56	d59af616-a7ac-4809-8eac-2c793f992211	DELETE	/users	undefined
20240505	02:14:14	cef3c419-b20a-42c5-8b8f-a1d907031b7e	DELETE	/users	undefined
20240505	02:14:19	9439b732-3d42-4f6e-974d-55bbdad3cabb	DELETE	/users	undefined
20240505	02:14:24	3b67e17a-e6d8-4804-8eed-6ae8fd581226	DELETE	/users	undefined
20240505	02:14:52	efdfe570-4c4c-4efc-b0fa-9b4545074e64	GET	/users	undefined
20240505	02:15:17	23962028-502c-4c11-98bf-610d874c644b	POST	/users	undefined
20240505	02:15:21	08331713-8637-4f39-9d67-7bd7316a523b	GET	/users	undefined
20240505	02:17:38	c5014091-1045-4343-a9b5-f167d8ed92c3	POST	/users	undefined
20240505	02:17:49	76146a36-dbc8-4f01-a114-f50215b5df78	POST	/users	undefined
20240505	02:17:53	773e8d8d-8a24-4ebd-ae0a-942c2b9845e0	POST	/users	undefined
20240505	02:18:37	5897c866-b9e2-4494-8bd3-f2d95ba21f5e	POST	/users	undefined
20240505	02:18:43	92ce8231-4ce7-4da0-9212-840901150672	POST	/users	undefined
20240505	02:19:03	271b79fa-02f0-47cc-be45-ed38e3d52e1d	GET	/users	undefined
20240505	02:19:09	29843660-8f70-4c34-81b8-7407720875bb	POST	/users	undefined
20240505	02:19:21	3a666930-f679-47fd-9ae9-c151338dd5d7	POST	/users	undefined
20240505	02:19:23	51778b81-783c-4ddb-aa41-9940a3292fec	POST	/users	undefined
20240505	02:19:28	993c6d64-09ec-4ab5-878e-aae7a3766756	POST	/users	undefined
20240505	02:19:35	ca5647cf-14ab-4c09-b49b-2a5d33c541db	POST	/users	undefined
20240505	02:20:16	c8a9cb99-40f2-405f-9462-1fb88586c261	POST	/users	undefined
20240505	02:21:25	13de7f53-84e8-4834-998c-56ca4e39a3a5	POST	/users	undefined
20240505	02:21:29	836a56ba-f192-418a-b23c-7c47d85ab6f7	GET	/users	undefined
20240505	02:24:24	e0c709c5-5db2-4660-8811-5fe3cd0d9196	PATCH	/users	undefined
20240505	02:24:57	8d76e0b5-391c-404c-b08b-b55d0c3ba50c	PATCH	/users	undefined
20240505	02:25:24	0a08fda9-bd97-441b-8331-8e5c19ca1ff5	DELETE	/users	undefined
20240505	02:25:39	21b56201-6d2f-4049-b42a-3a84e688beb8	DELETE	/users	undefined
20240505	02:26:09	71c28e9c-b018-4dc3-a0c5-daac27a6427d	GET	/users	undefined
20240505	02:26:22	b9679d51-663e-46d3-9455-804c3ae1b6fc	DELETE	/users	undefined
20240505	04:16:00	def893b7-e2d3-40b8-8d87-5b3552f1a7e6	GET	/notes	http://localhost:3000
20240505	04:16:03	739f38b1-9f6e-4e45-8b07-388c3242d6f1	GET	/users	http://localhost:3000
20240505	04:59:04	2be9ec71-9092-41d6-81c3-f5360b00757c	GET	/notes	http://localhost:3000
20240505	04:59:04	5d4a2a67-9a8f-465e-9d16-5d8907fd7fe0	GET	/users	http://localhost:3000
20240505	04:59:06	ab7d8ff3-b51f-4bda-b9f0-3952dfbe65e9	GET	/notes	http://localhost:3000
20240505	04:59:32	93461f20-5347-4561-a527-b17c470c6533	OPTIONS	/users	http://localhost:3000
20240505	04:59:32	59c3b556-4118-4205-91b6-3218d3e35de8	PATCH	/users	http://localhost:3000
20240505	04:59:33	8482d6c8-e7e0-472b-af24-dd3f50a0ae94	GET	/users	http://localhost:3000
20240505	04:59:38	5857aa59-7a91-4b46-a653-55d4bdccf126	OPTIONS	/users	http://localhost:3000
20240505	04:59:38	cd0559dd-87ce-4927-980b-aae589dded53	PATCH	/users	http://localhost:3000
20240505	04:59:38	5b630c92-0be0-4397-b223-41be54630489	GET	/users	http://localhost:3000
20240505	04:59:49	13838b28-434d-4915-883e-17763c3faade	GET	/users	undefined
20240505	05:00:04	fd5bf612-5c51-4117-9c29-8585ab603b82	OPTIONS	/users	http://localhost:3000
20240505	05:00:04	b538fd05-faf1-4c9a-9ed0-efe110e28f17	PATCH	/users	http://localhost:3000
20240505	05:00:05	fad603c8-87e0-49ca-820f-fa78fb45271d	GET	/users	http://localhost:3000
20240505	05:00:28	d23a24df-2a1a-44a0-8506-8147c18603a9	OPTIONS	/users	http://localhost:3000
20240505	05:00:28	8dc0e3d0-eae1-43d4-9f81-a8acd8b975a5	DELETE	/users	http://localhost:3000
20240505	05:00:28	3bf1c2c6-6e45-41b9-bb3e-576a1d03e4d9	GET	/users	http://localhost:3000
20240505	05:00:36	9486e87c-6698-416a-ac8c-4c7130443b64	GET	/notes	http://localhost:3000
20240505	05:11:46	3c1ad664-ce50-4517-b51d-e194a2f6a5d6	GET	/notes	http://localhost:3000
20240505	05:12:01	cfc75e8d-5da2-46d6-8dcf-32e93e40b043	GET	/notes	http://localhost:3000
20240505	05:12:16	b968fb78-6605-4936-8d58-99ec2a8cc3e3	GET	/notes	http://localhost:3000
20240505	05:12:37	92117d5c-dc69-4d8e-945a-d7c61c8359e3	GET	/notes	http://localhost:3000
20240505	05:12:52	13cd3d6a-30da-484f-a9eb-071a3cb9e089	GET	/notes	http://localhost:3000
20240505	05:13:07	acc0a0f1-c133-44ec-92c4-4cc8ceb5dffb	GET	/notes	http://localhost:3000
20240505	05:13:23	1227b308-58e9-48f3-86c8-0a737a8afaa9	GET	/notes	http://localhost:3000
20240505	05:13:38	1efc1b94-6d70-48b0-b711-194e26f5d308	GET	/notes	http://localhost:3000
20240505	05:13:53	1b24aa78-28b3-4130-8632-915ec5338a7f	GET	/notes	http://localhost:3000
20240505	05:14:08	276c25e4-622b-44cb-8add-97d0a2724fa0	GET	/notes	http://localhost:3000
20240505	05:14:23	38714be0-28e2-48b0-aa81-df622e2fbc02	GET	/notes	http://localhost:3000
20240505	05:14:38	79229847-d59c-4ca2-b074-8913d995f32b	GET	/notes	http://localhost:3000
20240505	05:14:54	c3205314-a72e-443b-b6b1-763e32e9fb87	GET	/notes	http://localhost:3000
20240505	05:15:09	de039466-e0e7-48c6-993d-c44092581b11	GET	/notes	http://localhost:3000
20240505	05:15:24	5b0ef8b2-25d3-4b88-a71a-fec294d6b44d	GET	/notes	http://localhost:3000
20240505	05:15:39	e8c7b1c1-b9c5-4919-87b9-2fc8a1b57a02	GET	/notes	http://localhost:3000
20240505	05:15:51	94433ff1-a678-4e25-ab57-22cd83cffb2b	POST	/users	undefined
20240505	05:15:54	e1c685f3-70d7-4614-9ee6-df9dfe7f822c	GET	/notes	http://localhost:3000
20240505	05:16:09	9b8b49f6-cd6a-4b4e-8e4b-934a02e5f6d1	GET	/notes	http://localhost:3000
20240505	05:16:16	9d6d2b5b-ac30-4320-85af-ad4b2a2899a9	POST	/users	undefined
20240505	05:16:25	27d66642-d078-4c53-8868-de68c1f95a23	GET	/notes	http://localhost:3000
20240505	05:16:33	a2bcde68-84ac-4359-bcda-188c5094f945	POST	/users	undefined
20240505	05:16:45	0f2fed84-c6b5-48f4-8dd1-d51eb61df81e	GET	/notes	http://localhost:3000
20240505	05:16:51	db4b898f-81f5-4664-86cc-4a200c558021	GET	/users	http://localhost:3000
20240505	05:18:00	5028ac96-b545-4923-b8f2-b91f5355be2c	OPTIONS	/users	http://localhost:3000
20240505	05:18:00	6abae32a-321b-4890-9a47-29da98189b58	DELETE	/users	http://localhost:3000
20240505	05:18:00	6e7d8d3f-172e-44a8-8eba-9bc28767420b	GET	/users	http://localhost:3000
20240505	05:18:25	419a6fae-aa89-47dd-9bb2-acf39e662f97	OPTIONS	/users	http://localhost:3000
20240505	05:18:25	84f0f7bc-356d-41cc-a802-8039ddebc4da	PATCH	/users	http://localhost:3000
20240505	05:18:25	04fa5d0c-4480-4cd3-aa6c-ca2394871500	GET	/users	http://localhost:3000
20240505	05:18:42	72c7aee1-4d10-4dae-a766-be56268aba36	OPTIONS	/users	http://localhost:3000
20240505	05:18:42	f77d8cda-12b0-45d9-9ad4-0630ffe03d19	PATCH	/users	http://localhost:3000
20240505	05:18:42	8740ae35-f4ac-4ef3-a84a-d506e683a6ec	GET	/users	http://localhost:3000
20240505	05:18:44	b94b834b-ca14-427a-9ed9-eb930693f4b1	PATCH	/users	http://localhost:3000
20240505	05:18:44	f77d1107-62cd-4b0a-a842-41eb453e0868	GET	/users	http://localhost:3000
20240505	05:18:47	fd74442e-f4d1-43f9-bfba-2fc659b095f4	OPTIONS	/users	http://localhost:3000
20240505	05:18:47	1560c411-468b-42e0-9f6a-874c52e14d84	PATCH	/users	http://localhost:3000
20240505	05:18:47	494a7b7e-b7ea-4263-8965-28e992bd504a	GET	/users	http://localhost:3000
20240505	05:18:53	c6f2e6b5-8c6c-4277-9361-6eba68a180f1	OPTIONS	/users	http://localhost:3000
20240505	05:18:53	d81d9de9-b149-484a-bffe-6afc25866695	PATCH	/users	http://localhost:3000
20240505	05:18:53	776b4ff2-bc63-4de9-8262-0f2d23baf7fc	GET	/users	http://localhost:3000
20240505	05:18:59	15523467-5f27-40fa-bd64-8c5fceda9c4c	OPTIONS	/users	http://localhost:3000
20240505	05:18:59	755db9f0-e68e-4018-b02c-80a8db6abaec	PATCH	/users	http://localhost:3000
20240505	05:19:00	5846f834-ac44-4e84-b3be-e40ae5dfaef2	GET	/users	http://localhost:3000
20240505	05:19:27	fec4b928-7594-457b-ae71-ec162ee9014b	OPTIONS	/users	http://localhost:3000
20240505	05:19:27	dee09a6c-a370-4ca9-82b0-5e9a0689915b	PATCH	/users	http://localhost:3000
20240505	05:19:27	87924625-c6f9-49c0-89cb-3d169c427932	GET	/users	http://localhost:3000
20240505	05:19:47	b0b9a265-aeb6-4562-8cda-45401a283e66	OPTIONS	/notes	http://localhost:3000
20240505	05:19:47	910d22e4-80c8-4559-a915-c08fb99bb786	POST	/notes	http://localhost:3000
20240505	05:19:47	b2a206a6-f638-49f7-811b-05a4892b70d6	GET	/notes	http://localhost:3000
20240505	05:19:54	33a77315-585e-4a47-ac86-3b3a7ea19a71	OPTIONS	/notes	http://localhost:3000
20240505	05:19:54	ac167ddc-d5f7-4318-8d3a-998fba5c5585	PATCH	/notes	http://localhost:3000
20240505	05:19:54	4e6234b7-ea80-49b9-9e0f-92ff7a719d36	GET	/notes	http://localhost:3000
20240505	05:20:04	4499f1e4-35da-4132-9c71-db713130fd0e	OPTIONS	/users	http://localhost:3000
20240505	05:20:04	af2bb270-9cde-4678-99e7-0246919e1343	POST	/users	http://localhost:3000
20240505	05:20:04	aac22a27-25f8-405b-a44d-1bc6cd7ae0ca	GET	/users	http://localhost:3000
20240505	13:48:43	18017fde-d353-42c5-ba58-54339f2f8029	POST	/auth	undefined
20240505	13:48:52	ed44df8c-a4cf-40e8-9296-5f9027eac19a	POST	/auth	undefined
20240505	13:48:57	f8a2c954-9c96-44d4-a580-df90b6628e8b	POST	/auth	undefined
20240505	13:49:04	73870615-aa04-4018-b2b4-25b67484dacd	POST	/auth	undefined
20240505	13:49:08	9925452f-d1cb-4f83-ab51-fa7730d882fb	POST	/auth	undefined
20240505	13:49:12	ae2c005a-5aad-42ed-99ac-08228b4e4bca	POST	/auth	undefined
20240505	14:10:48	0de42e5e-8639-4827-9f0e-28159ad878d9	GET	/users	undefined
20240505	14:10:49	99b5b17c-3f1c-4e8a-b43c-842bbf92c7b5	GET	/users	undefined
20240505	14:10:49	0ce26a49-7926-4f2e-a89d-cf64ee561df8	GET	/users	undefined
20240505	14:14:10	c883d4d5-1b4b-4869-9c46-ded35479a69a	GET	/users	undefined
20240505	14:17:15	2bc7751a-629a-4e72-885c-2446e6d2590a	POST	/users	undefined
20240505	14:17:21	dd9e2490-bc9f-4e22-a13f-be4ebe4d3617	GET	/users	undefined
20240505	14:18:51	de72a86c-39ba-4b88-a209-56ef285e598b	POST	/auth	undefined
20240505	14:20:26	124ce94e-31e8-4520-b4b4-b6c911edcb8d	POST	/auth	undefined
20240505	14:25:51	c172edf8-3e80-49a4-a4bb-45c6d98c2d9f	POST	/auth	undefined
20240505	14:26:51	5ebca8f4-9df4-4758-94a9-14916aeb042b	GET	/refresh	undefined
20240505	14:27:02	d5ffc50d-1b40-4c54-8fa0-5c8e3bfd1e94	GET	/auth/refresh	undefined
20240505	14:43:56	cd3df103-7d2c-45fb-a6e3-07100da17fca	OPTIONS	/auth	http://localhost:3000
20240505	14:43:56	ed487600-ed3a-4d48-bb10-4475191dd83e	POST	/auth	http://localhost:3000
20240505	14:44:24	43e14f93-cb51-40ac-af65-552fb647a349	OPTIONS	/auth	http://localhost:3000
20240505	14:44:24	0a776c9b-e4e0-42d6-b921-aa740a2527e5	POST	/auth	http://localhost:3000
20240505	14:44:55	4f366d6c-bd78-48e6-9d9f-0d2401dc4f0b	OPTIONS	/auth	http://localhost:3000
20240505	14:44:55	3ac2d590-c80f-415d-aa2c-17fbde2fafad	POST	/auth	http://localhost:3000
20240505	14:44:55	84ac1df0-4bef-4b84-bc7e-7e0d50a92552	GET	/users	http://localhost:3000
20240505	14:44:55	74ac5284-b61e-4b1f-939b-50405880e69f	GET	/notes	http://localhost:3000
20240505	14:45:19	c48bed3b-18f7-430a-b17d-50e2b2ec5f62	GET	/notes	http://localhost:3000
20240505	14:45:28	5a1ca4a3-2b3d-4b6a-bef4-f665781aca5f	GET	/users	http://localhost:3000
20240505	15:03:13	108c176e-7bea-496e-b1ac-8ff9f1300861	OPTIONS	/auth	http://localhost:3000
20240505	15:03:22	8f333b60-592e-4fd6-b1b1-81bac4429cba	OPTIONS	/auth	http://localhost:3000
20240505	15:03:52	c9ec83a8-a349-4ce3-bc88-b03b39516b60	OPTIONS	/auth	http://localhost:3000
20240505	15:15:43	1456bc44-ebb0-4c48-bf4e-9b3e8fff4ac9	OPTIONS	/auth	http://localhost:3000
20240505	15:16:04	438ed2d2-7a7e-4a90-b53a-5e7716fb1870	GET	/auth/r	undefined
20240505	15:16:06	d3087c30-dd30-46a0-9fd4-daec70d91751	GET	/auth/	undefined
20240505	15:16:09	338837a1-7bbb-4841-b014-dddff86a6648	GET	/users	undefined
20240505	15:16:55	0cf7f43f-73d0-4986-8a2f-88f1355d50c6	GET	/users	undefined
20240505	15:17:31	b220821a-c93e-4767-b409-b784d9412c56	POST	/users	undefined
20240505	15:17:37	4bbe116f-a4eb-4c2d-a6b1-6abf76cde645	GET	/users	undefined
20240505	15:18:09	e83c3b52-9c12-4a1e-96ef-fb381fdb9123	OPTIONS	/auth	http://localhost:3000
20240505	15:18:35	00899a50-f8c2-4433-a282-46fdbe5fa12e	OPTIONS	/auth	http://localhost:3000
20240505	15:19:01	989a43b7-935a-4cc5-8f4b-3fb7ccaf1425	GET	/auth/refresh	http://localhost:3000
20240505	15:19:21	4213a7b3-1694-46ae-9d89-cd6f67f65f57	GET	/auth/refresh	http://localhost:3000
20240505	15:19:28	1fbc437a-4cab-47a9-811f-326b47d23d38	GET	/auth/refresh	http://localhost:3000
20240505	15:21:05	80d9cf90-bf31-4b5d-a7fe-2930ffa48a64	OPTIONS	/auth	http://localhost:3000
20240505	15:34:48	13299e33-e224-49d7-ad2b-ee236a0f619d	OPTIONS	/auth	http://localhost:3000
20240505	15:36:07	1fb83a1d-46b1-4012-9d38-7644e3f627c8	OPTIONS	/auth	http://localhost:3000
20240505	15:45:54	e7a2a7ae-07a9-4b52-b809-2c75e16afbb6	OPTIONS	/auth	http://localhost:3000
20240505	15:45:54	25e25d5b-ace0-4fda-a78a-7d2d5c69d3ff	OPTIONS	/auth	http://localhost:3000
20240505	15:45:55	cff9d01a-1cbe-4879-8090-7b96bf01943f	OPTIONS	/auth	http://localhost:3000
20240505	15:45:56	e5395a4e-c50e-4df6-b42c-6512592e40e4	OPTIONS	/auth	http://localhost:3000
20240505	15:45:56	010c247d-0e9c-432b-bd78-3109cb0f3824	OPTIONS	/auth	http://localhost:3000
20240505	15:45:56	ee2261b3-1b83-4779-b984-caf81a4581c7	OPTIONS	/auth	http://localhost:3000
20240505	15:45:56	8ddf4dc6-7bd3-40bc-b5cd-66a7411a5c3e	OPTIONS	/auth	http://localhost:3000
20240505	15:45:57	7b6fcffc-f268-4798-9fdb-0a60d697cfe2	OPTIONS	/auth	http://localhost:3000
20240505	15:45:58	3dc6a8f7-d5bf-4be8-ac03-8cd74437cd71	OPTIONS	/auth	http://localhost:3000
20240505	15:45:58	48784407-aca7-4d5b-bce3-1eabfb8645dd	OPTIONS	/auth	http://localhost:3000
20240505	15:45:59	b39de004-5c5f-41bc-ad0a-ff3358105c4f	OPTIONS	/auth	http://localhost:3000
20240505	15:45:59	5e0d9c5b-63e9-4810-9103-b71b4bbe9b37	OPTIONS	/auth	http://localhost:3000
20240505	15:45:59	6b4ffdcc-c901-48ed-add7-9fc1f9193e5f	OPTIONS	/auth	http://localhost:3000
20240505	15:45:59	21a4d460-081b-4459-ba44-1ae24509e033	OPTIONS	/auth	http://localhost:3000
20240505	15:46:18	037ec95a-1dfe-4ef3-b1bf-69ddf9aa6dea	OPTIONS	/auth	http://localhost:3000
20240505	15:52:36	3474a4e2-00a6-45fb-acc5-a40bba133cd1	OPTIONS	/auth	http://localhost:3000
20240505	15:52:57	69a46e74-d3d7-4456-803c-d66e25421ad7	OPTIONS	/auth	http://localhost:3000
20240505	15:53:16	a466b49b-8d12-4c63-b81a-31eacc1eab6f	OPTIONS	/auth	http://localhost:3000
20240505	15:53:54	f75b9c9d-443a-47d2-adf5-2ce1b2d68244	OPTIONS	/auth	http://localhost:3000
20240505	15:54:41	7688c363-cfab-4ad1-89ec-96ad356b20ea	OPTIONS	/auth	http://localhost:3000
20240505	16:04:59	fd4ddd61-e309-46b4-8cc1-c28ebf753fa8	OPTIONS	/auth	http://localhost:3000
20240505	16:05:32	7c2c966b-be65-42f0-a10e-773ab4b11afc	OPTIONS	/auth	http://localhost:3000
20240505	16:08:33	783fe5f8-23e2-42aa-8b26-907eef963270	OPTIONS	/auth	http://localhost:3000
20240505	16:09:50	238b0e1f-c7fc-4665-bbaa-89a7128aaf7a	OPTIONS	/auth	http://localhost:3000
20240505	16:10:45	095bf4b2-3939-4ccd-85fc-23301de99a27	OPTIONS	/auth	http://localhost:3000
20240505	16:15:08	8ce1aa80-d04a-4ee7-85a1-a524d1f7f5b2	POST	/users	undefined
20240505	16:15:45	6867301d-8199-4209-996b-d03830b307d8	POST	/users	undefined
20240505	16:16:20	9f3a34d3-2626-4a80-ad3b-df68f4aad144	OPTIONS	/auth	http://localhost:3000
20240505	16:17:07	707d89b1-1e7b-4b42-804f-9d71bd7bbd5f	OPTIONS	/auth	http://localhost:3000
20240505	16:18:54	ec0626b2-4eaa-4b29-a852-9a5915b17e60	OPTIONS	/auth	http://localhost:3000
20240505	16:20:52	f4bc4fe1-72e5-4b84-a46d-dc6ee14130de	OPTIONS	/auth	http://localhost:3000
20240505	16:21:49	445a48e2-04d2-414c-90f9-a216fdda9f41	OPTIONS	/auth	http://localhost:3000
20240505	16:22:42	040d320a-c10f-4324-89c1-c04b0cd09cdb	OPTIONS	/auth	http://localhost:3000
20240505	16:23:20	4121c773-f282-4345-9eaf-326b17e573a2	OPTIONS	/auth	http://localhost:3000
20240505	16:23:51	210e8b70-3c33-4a44-b543-a1822d6a7cd0	OPTIONS	/auth	http://localhost:3000
20240505	16:23:51	6e8346bb-b466-472e-9440-44a46634bdbc	POST	/auth	http://localhost:3000
20240505	16:23:51	828e4355-b959-4326-8786-346087c39a35	OPTIONS	/notes	http://localhost:3000
20240505	16:23:51	18ab9231-cd8d-4b72-b225-e734c9b1a4fc	OPTIONS	/users	http://localhost:3000
20240505	16:23:51	e2480005-c3f5-486f-a9b9-e7eee68b83ba	GET	/notes	http://localhost:3000
20240505	16:23:51	ee12d894-773b-4e8e-b443-defd278eba1b	GET	/users	http://localhost:3000
20240505	18:49:20	a68c7431-bd18-45be-9604-3199f2b38088	OPTIONS	/auth	http://localhost:3000
20240505	18:49:20	18d01dc6-1ca1-48f4-a7bc-4072092f4bb8	POST	/auth	http://localhost:3000
20240505	18:49:20	f12f4338-0804-49f0-809c-109961e06911	OPTIONS	/notes	http://localhost:3000
20240505	18:49:20	3de8f1a3-21d8-404b-84bb-2252910365d3	OPTIONS	/users	http://localhost:3000
20240505	18:49:20	ffaa9d9a-652c-4e13-9bd7-8bd7e8dd22ab	GET	/notes	http://localhost:3000
20240505	18:49:20	5b5ffc0a-feb6-4d2d-aa60-3d31d06b8b91	GET	/users	http://localhost:3000
20240505	18:49:22	9c75eba6-f6d8-4960-a81a-646a23d5626f	GET	/notes	http://localhost:3000
20240505	18:49:29	dc4ab694-d2d3-4b3b-a912-bad46b03b71f	OPTIONS	/users	http://localhost:3000
20240505	18:49:29	27128076-e559-4aa9-8826-a567aad90cc9	GET	/users	http://localhost:3000
20240505	18:49:40	e523fa83-85d8-4162-b80a-28ca694b22f1	OPTIONS	/users	http://localhost:3000
20240505	18:49:40	3cfeb78c-60b9-4aae-9389-b3c0c170b37d	PATCH	/users	http://localhost:3000
20240505	18:49:41	d60695a3-8adc-4499-829e-5c3442129c5c	GET	/users	http://localhost:3000
20240505	18:50:02	b336dc1c-130c-47a9-afbe-0e0a697718a3	OPTIONS	/users	http://localhost:3000
20240505	18:50:02	a6256367-673a-407d-9936-02bf68713e92	POST	/users	http://localhost:3000
20240505	18:50:02	b3937d2a-f22b-4e54-9aff-7fb7fae1afe4	GET	/users	http://localhost:3000
20240505	18:50:05	0901e9d6-f9b9-47a6-abc3-1a872995eead	GET	/users	http://localhost:3000
20240505	18:50:10	21ee3d55-dda9-4407-ae66-aa320cc7187d	OPTIONS	/auth/logout	http://localhost:3000
20240505	18:50:10	e4d94874-62ac-4455-9b17-aea609f97a27	POST	/auth/logout	http://localhost:3000
20240505	18:50:16	9146d6ac-2128-4d5a-88b9-f6b104ca0e09	OPTIONS	/auth	http://localhost:3000
20240505	18:50:16	89ca4676-a6b1-4545-925e-02bf14852453	POST	/auth	http://localhost:3000
20240505	18:50:16	5fdde054-8903-4546-bb57-6009172dc864	OPTIONS	/notes	http://localhost:3000
20240505	18:50:16	adcdc705-583e-4313-b41b-57983c5f3d39	OPTIONS	/users	http://localhost:3000
20240505	18:50:16	a8cc0e98-dca1-49bc-b509-928aacefee84	GET	/notes	http://localhost:3000
20240505	18:50:16	934f4683-b189-4e95-b536-9b5a933d50fe	GET	/users	http://localhost:3000
20240505	18:50:34	52774180-a93f-4ef4-89ee-94901835081c	OPTIONS	/notes	http://localhost:3000
20240505	18:50:34	6923d671-bf92-4001-8e6d-e5fcc9432025	GET	/notes	http://localhost:3000
20240505	18:50:35	efcb82b1-fae3-4ed1-ba2c-e7f6ecaafcfd	OPTIONS	/auth/logout	http://localhost:3000
20240505	18:50:35	5654a94f-eb30-4d81-94ed-3b4d3f863158	POST	/auth/logout	http://localhost:3000
20240505	18:51:25	acd7aa4e-c51a-4827-8eb5-70d10e321a6a	OPTIONS	/auth	http://localhost:3000
20240505	18:51:25	33585a82-a339-4cb2-a115-11367a56571d	POST	/auth	http://localhost:3000
20240505	18:51:25	9428cc3e-d1c0-4ead-8f70-ed69e31f4109	OPTIONS	/notes	http://localhost:3000
20240505	18:51:25	1bbc4607-1b62-4d3a-96bc-43b893a32fc7	OPTIONS	/users	http://localhost:3000
20240505	18:51:25	a1c22005-68f6-4efc-9408-fb4aff36dcc5	GET	/notes	http://localhost:3000
20240505	18:51:25	51ca7013-625c-4ae0-92b2-d2f82724cfe6	GET	/users	http://localhost:3000
20240505	18:51:41	3acd79a4-7d33-4330-b47e-dce7f27ba650	OPTIONS	/users	http://localhost:3000
20240505	18:51:41	c3771cb5-ce70-4b0b-9ff3-719db97b18e8	POST	/users	http://localhost:3000
20240505	18:51:42	2434beeb-7c8c-4f05-a877-74c39bfa1c81	GET	/users	http://localhost:3000
20240505	18:51:44	2848b6ec-42e4-4ac2-805c-7b1dfc497879	GET	/users	http://localhost:3000
20240505	18:51:47	3b14af09-1eb3-4f14-b8c4-36000f000163	OPTIONS	/auth/logout	http://localhost:3000
20240505	18:51:47	b3ce098c-171f-48cf-8b09-735f736728d7	POST	/auth/logout	http://localhost:3000
20240505	18:51:52	29b0c49b-1144-4053-89b7-72cebb288edd	OPTIONS	/auth	http://localhost:3000
20240505	18:51:52	acbbd761-28c9-4843-aece-c59137aee65c	POST	/auth	http://localhost:3000
20240505	18:51:52	c5e222fc-ba41-4ec6-9db4-c5f0d732a8e8	OPTIONS	/notes	http://localhost:3000
20240505	18:51:52	7f6b7b8c-7f2d-4b14-af28-646fede622b8	OPTIONS	/users	http://localhost:3000
20240505	18:51:52	7e08493f-01e1-4c77-9191-912864a2413d	GET	/notes	http://localhost:3000
20240505	18:51:52	7681d80c-e168-4baa-8056-bae6ce7015b1	GET	/users	http://localhost:3000
20240505	18:51:55	e061504c-d5e8-4f76-89a1-c9b32f2979c5	GET	/users	http://localhost:3000
20240505	18:52:10	521dd601-7c80-440c-959e-f620110e1ae7	OPTIONS	/users	http://localhost:3000
20240505	18:52:10	d0f5eb91-0347-47f1-8f38-74d314f17ae6	GET	/users	http://localhost:3000
20240505	18:52:16	41fa8f14-a80a-4293-af0a-c86f204c7948	OPTIONS	/users	http://localhost:3000
20240505	18:52:16	16a708cd-ec99-486f-b715-1a820aeafb21	PATCH	/users	http://localhost:3000
20240505	18:52:17	a46bca6c-b76d-465b-bef9-9c37e3d4620a	GET	/users	http://localhost:3000
20240505	18:52:22	6f8beed8-c5d8-4a0a-a113-d3b8ba29137a	OPTIONS	/users	http://localhost:3000
20240505	18:52:22	fccd830e-5d6b-442f-8afa-c8aa0bd0515d	PATCH	/users	http://localhost:3000
20240505	18:52:22	68766f59-9f31-4f9c-be51-25d53d022c30	GET	/users	http://localhost:3000
20240505	18:52:45	95a48e66-3d31-4ea6-8588-b47623895c3e	OPTIONS	/users	http://localhost:3000
20240505	18:52:45	e2ff2293-bfde-4735-b93a-9f8fe53fb5bc	GET	/users	http://localhost:3000
20240505	18:52:47	d16e84d6-a944-4005-b941-20fc4c332522	GET	/users	http://localhost:3000
20240505	18:52:56	ef31748e-cf78-47fb-831d-798038f42526	OPTIONS	/notes	http://localhost:3000
20240505	18:52:56	9d6bfe75-b6a7-497d-973e-8d29ab6b51ab	GET	/notes	http://localhost:3000
20240505	18:53:02	f0ad01d1-d2c8-4f29-9a84-f87f68d240bd	OPTIONS	/notes	http://localhost:3000
20240505	18:53:02	2a6c8cc4-4a4b-4b21-bb6c-261801b18864	GET	/notes	http://localhost:3000
20240505	18:53:22	0cf62505-3daf-4080-bb07-6e074ae2231e	OPTIONS	/users	http://localhost:3000
20240505	18:53:22	ad0a125d-e623-412f-85ec-b8a9f05887d8	POST	/users	http://localhost:3000
20240505	18:53:22	d278848d-6655-4d0c-a732-b4e9279c1f1e	GET	/users	http://localhost:3000
20240505	18:53:24	19b88e29-6c8f-4373-aa67-d063e1883926	GET	/users	http://localhost:3000
20240505	18:54:24	e7d25b4b-b146-4718-9d5d-8cc8bdbbc5b9	OPTIONS	/users	http://localhost:3000
20240505	18:54:24	4c4759d1-512f-47a3-b8a7-d88b8460794d	GET	/users	http://localhost:3000
20240505	18:55:04	fc69b579-8eb4-40a0-aa4d-7c689ac45988	OPTIONS	/users	http://localhost:3000
20240505	18:55:04	c2878faf-603e-4c4b-bfd5-22ffdcba030c	GET	/users	http://localhost:3000
20240505	18:55:05	3e6c8d63-3388-4035-9c03-550ed66fc893	OPTIONS	/notes	http://localhost:3000
20240505	18:55:05	47e36852-1877-4ff1-8183-86da45fc9a46	GET	/notes	http://localhost:3000
20240505	18:55:27	d56f2a0a-81c7-4b43-939c-cd71c31fc811	OPTIONS	/notes	http://localhost:3000
20240505	18:55:27	ca19cd20-b390-4551-b229-896192c23489	POST	/notes	http://localhost:3000
20240505	18:55:28	ace4eee4-272c-4bed-81fe-ded580340b7c	GET	/notes	http://localhost:3000
20240505	18:55:40	18fb01f0-4cff-43e8-8996-439e15b8d9f2	OPTIONS	/auth/logout	http://localhost:3000
20240505	18:55:40	11c00e8e-e9f6-4c8b-acde-5722bc0978bf	POST	/auth/logout	http://localhost:3000
20240505	18:55:50	c1025776-707f-4046-ae96-4b9537129cd4	OPTIONS	/auth	http://localhost:3000
20240505	18:55:50	2cd9b865-a3a2-49e5-be76-a35f7a5b58a4	POST	/auth	http://localhost:3000
20240505	18:55:50	c9510c1b-4adf-47b7-b926-dce32236cc72	OPTIONS	/notes	http://localhost:3000
20240505	18:55:50	cf38b388-e0c1-4d3c-ba4b-196612cc0aa4	OPTIONS	/users	http://localhost:3000
20240505	18:55:50	d25ca044-872f-4279-9fd3-547b916d2c76	GET	/notes	http://localhost:3000
20240505	18:55:50	a4688dd0-151c-4f4d-866b-4e74edb3a1a4	GET	/users	http://localhost:3000
20240505	18:55:53	e654c18a-81be-4fbd-81cd-04c7bf139eb8	GET	/notes	http://localhost:3000
20240505	18:55:58	1d6522b7-d29d-41b1-bc7a-0601b8a58eef	OPTIONS	/auth/logout	http://localhost:3000
20240505	18:55:58	2b9e4abb-06a7-4572-908d-6009698a92ba	POST	/auth/logout	http://localhost:3000
20240509	01:17:39	a3fc4d32-8e9f-4700-9a81-5b687e83456b	OPTIONS	/auth	http://localhost:3000
20240509	01:17:39	906ff32b-1187-41f0-8af7-c7324918bcba	POST	/auth	http://localhost:3000
20240509	01:17:39	82014116-020a-4982-b91a-770fceb4d31a	OPTIONS	/notes	http://localhost:3000
20240509	01:17:39	26d6a54c-1f02-46a9-aeba-bec344b18bc9	OPTIONS	/users	http://localhost:3000
20240509	01:17:39	37e55916-9c39-41f6-adf4-f79810457723	GET	/notes	http://localhost:3000
20240509	01:17:39	e0857e91-2389-43e8-930b-084d16472118	GET	/users	http://localhost:3000
20240509	01:17:46	f7a40f98-5e08-45d6-b59a-dc89b022b23f	OPTIONS	/users	http://localhost:3000
20240509	01:17:46	617a0026-e7ec-4dfa-840b-96029c9c9263	GET	/users	http://localhost:3000
20240509	01:18:41	5e11c2d5-70c4-46da-b444-46cf6e6b0ef2	OPTIONS	/users	http://localhost:3000
20240509	01:18:41	56ddcd37-45b9-4cc0-9fbe-67fbd4837570	GET	/users	http://localhost:3000
20240509	01:18:57	51e67d9b-5f67-48ef-a019-9bc439d46949	OPTIONS	/users	http://localhost:3000
20240509	01:18:57	dadd71a5-24aa-4a52-9ad8-b002b6af1430	POST	/users	http://localhost:3000
20240509	01:18:57	f9e4e0af-72aa-4df0-a054-96b44b6b6606	GET	/users	http://localhost:3000
20240509	01:19:00	f3ec7550-3f33-4abe-9ae9-71c9eebd79fb	GET	/users	http://localhost:3000
20240509	01:19:13	5cd6f42f-a87c-4109-a958-8be06294d3ac	OPTIONS	/users	http://localhost:3000
20240509	01:19:13	05a14dfe-5c60-4cde-aebc-9f7c322363c6	POST	/users	http://localhost:3000
20240509	01:19:14	721ed94d-637b-49b6-9b6c-cf423fb44cb3	GET	/users	http://localhost:3000
20240509	01:19:17	2ea81a3a-c0f3-4eb9-866c-ff4b5cedafa1	GET	/users	http://localhost:3000
20240509	01:19:31	ec45d947-9551-4f5d-95fb-1184e55c2924	OPTIONS	/users	http://localhost:3000
20240509	01:19:31	223ef8da-0d75-4bea-9eca-69f0205bed65	POST	/users	http://localhost:3000
20240509	01:19:32	fcec7308-62a1-43c9-ac91-b17d37ee82fc	GET	/users	http://localhost:3000
20240509	01:19:34	e9e0ff88-f371-4561-a486-bfbd61bec90c	GET	/users	http://localhost:3000
20240509	01:19:52	dc37ae33-19d7-4501-a288-2b160869d398	OPTIONS	/users	http://localhost:3000
20240509	01:19:52	7b7018bd-9c99-4676-a50f-5259e1486ae2	POST	/users	http://localhost:3000
20240509	01:19:52	2ff16619-cd09-433b-b3a9-b0aba3eb07c0	GET	/users	http://localhost:3000
20240509	01:19:55	9187914f-5474-4b70-be2f-e0b6cdb81217	GET	/users	http://localhost:3000
20240509	01:20:00	18b377f4-5228-4e2a-8f2a-3380a7d4be6a	OPTIONS	/auth/logout	http://localhost:3000
20240509	01:20:00	15d21a25-51ca-4937-b997-2e479c99077f	POST	/auth/logout	http://localhost:3000
20240509	01:20:15	dc2a56c9-5a48-4f4f-9077-29cdc0e5594c	OPTIONS	/auth	http://localhost:3000
20240509	01:20:15	7813cdd1-4130-420e-8de1-63dbaee73e26	POST	/auth	http://localhost:3000
20240509	01:20:15	de35e883-6b7e-484a-8964-0cedbf91d7d7	OPTIONS	/notes	http://localhost:3000
20240509	01:20:15	2000f2f5-1cd4-4e50-aa38-5f338cfdead8	OPTIONS	/users	http://localhost:3000
20240509	01:20:15	8362fc48-865e-43dd-b75c-28f5088c1a6b	GET	/notes	http://localhost:3000
20240509	01:20:15	16346ead-9cc8-4b9c-8ef7-ee2e4d77f67b	GET	/users	http://localhost:3000
20240509	01:20:18	b62623aa-f76d-4a67-8111-afa844a72723	GET	/notes	http://localhost:3000
20240509	01:21:13	39a726b4-9ef0-493c-aeda-508659d813c5	OPTIONS	/notes	http://localhost:3000
20240509	01:21:13	69d18b2d-0e61-4192-89f0-334d9054a90f	POST	/notes	http://localhost:3000
20240509	01:21:13	ad2c7dea-3b2c-48ab-9802-bc64e102207a	GET	/notes	http://localhost:3000
20240509	01:21:51	ddaf6fd6-469d-47dc-87d9-43068b70485b	OPTIONS	/notes	http://localhost:3000
20240509	01:21:51	a3b8416e-2bcb-4615-b3d5-1ebaacdc22b4	POST	/notes	http://localhost:3000
20240509	01:21:51	7f80c901-771a-4845-a789-c709339a84f2	GET	/notes	http://localhost:3000
20240509	01:22:01	f892c961-f400-4cfe-9f97-cda6b26373c2	OPTIONS	/notes	http://localhost:3000
20240509	01:22:01	1b12a7cd-8365-417a-863a-70e6e7b30a00	GET	/notes	http://localhost:3000
20240509	01:22:20	2ff26e61-fa8b-4afa-b1b0-c2b62784c0f1	OPTIONS	/users	http://localhost:3000
20240509	01:22:20	695891c9-c997-4266-9731-3fde235dd228	GET	/users	http://localhost:3000
20240509	01:22:28	9e9a26d2-114e-4501-a4b9-8367e8b132fc	OPTIONS	/users	http://localhost:3000
20240509	01:22:28	70114263-e606-4be6-8419-036f04f0a9ae	DELETE	/users	http://localhost:3000
20240509	01:22:28	3d2ab816-e337-42f9-87c1-e7ee7bef7b53	GET	/users	http://localhost:3000
20240509	01:23:28	40933e3d-0336-40d5-bc66-bd984651c2ce	OPTIONS	/users	http://localhost:3000
20240509	01:23:28	f0191b08-6b69-422f-829c-9a57c384ddfa	GET	/users	http://localhost:3000
20240509	01:24:28	ad850f69-e88e-4875-b94c-f65c55984e5e	OPTIONS	/users	http://localhost:3000
20240509	01:24:28	b6adef34-0b0a-4aaa-a445-bdcb3e25d8cf	GET	/users	http://localhost:3000
20240509	01:25:28	c639593a-4cbe-4eeb-8f97-b4acb0614460	OPTIONS	/users	http://localhost:3000
20240509	01:25:28	e4739d51-d97c-4975-82ee-cba2c31ef6c9	GET	/users	http://localhost:3000
20240509	01:26:28	a684a4e3-aa7d-4aa0-865f-23ac36d52513	OPTIONS	/users	http://localhost:3000
20240509	01:26:28	8dea1027-a417-4168-a2a6-acdaf9705805	GET	/users	http://localhost:3000
20240509	01:27:02	17f483ec-411d-4820-95d1-abfcdd360bf6	OPTIONS	/users	http://localhost:3000
20240509	01:27:02	47af1c3a-cb1d-40cd-9206-a709156c45d5	GET	/users	http://localhost:3000
20240509	01:27:05	b80f2ed9-88e8-4fcc-bf24-389fb86455c5	OPTIONS	/notes	http://localhost:3000
20240509	01:27:05	219ab2ef-257e-4f31-94f7-96e117ce47f0	GET	/notes	http://localhost:3000
20240509	01:27:27	f55f8731-879c-462a-85a9-0062cbb04c2d	OPTIONS	/notes	http://localhost:3000
20240509	01:27:27	c2c906cc-91fe-4749-bce4-d8d4c8552fde	POST	/notes	http://localhost:3000
20240509	01:27:27	a557faae-ad4c-45ab-a750-5e93d7424487	GET	/notes	http://localhost:3000
20240509	01:27:41	bcc1d17b-983a-433e-bfad-e7cac49fd52d	OPTIONS	/notes	http://localhost:3000
20240509	01:27:41	ab46ca54-5195-4d7a-bcff-7f6713ecff8a	POST	/notes	http://localhost:3000
20240509	01:27:41	38b4ac59-23e9-4126-82e0-e0aeefee1abe	GET	/notes	http://localhost:3000
20240509	01:27:43	13090227-e746-4758-8177-9da2aea385f3	OPTIONS	/auth/logout	http://localhost:3000
20240509	01:27:43	d1032f8e-c926-49b8-925a-b388a6bdb8e8	POST	/auth/logout	http://localhost:3000
20240509	01:27:59	7ab03756-8912-4cf8-8749-efb2412c45fd	OPTIONS	/auth	http://localhost:3000
20240509	01:27:59	d0e0cdcb-d585-4db0-bb15-62d64ba51a13	POST	/auth	http://localhost:3000
20240509	01:27:59	14275ad1-c37c-4c82-9754-f6a1debd7572	OPTIONS	/notes	http://localhost:3000
20240509	01:27:59	aaddb3d3-9576-4d6f-93d6-1189c2d60409	OPTIONS	/users	http://localhost:3000
20240509	01:27:59	d857307c-9711-492d-af94-b1e542b9282d	GET	/notes	http://localhost:3000
20240509	01:27:59	854cd10b-6766-4fd7-b2f2-3ea790017180	GET	/users	http://localhost:3000
20240509	01:28:02	ed4859d9-59e2-46d8-9815-2e58949aa278	GET	/notes	http://localhost:3000
20240509	01:28:04	12bf5679-e149-460d-b006-0e513809aaca	GET	/users	http://localhost:3000
20240509	01:28:10	1683e1fb-f11c-4388-9edd-17a0e73c08a0	OPTIONS	/users	http://localhost:3000
20240509	01:28:10	e74e359e-fa2a-4828-8626-7fc62fd30d4c	GET	/users	http://localhost:3000
20240509	01:28:13	858401c6-cdb4-477a-9bf7-2f7df85692a7	OPTIONS	/notes	http://localhost:3000
20240509	01:28:13	706b7b9a-3292-4ccb-9e19-82a90fcb1533	GET	/notes	http://localhost:3000
20240509	01:30:30	f3214f5a-f144-47f9-94fb-8f349a685f22	OPTIONS	/users	http://localhost:3000
20240509	01:30:30	432daed2-7c8c-493f-aed4-06c86308728f	GET	/users	http://localhost:3000
20240509	01:31:31	c7b0ccf2-4779-4d7a-9bc7-d0e786fe29b1	OPTIONS	/users	http://localhost:3000
20240509	01:31:31	235ec862-0ec1-43c7-9802-5c81922bcf48	GET	/users	http://localhost:3000
20240509	01:32:23	630b770a-fff4-4ab8-ba14-54645364b4b1	OPTIONS	/users	http://localhost:3000
20240509	01:32:23	dc91f7d8-adef-4492-82bd-8e5f4bb6db2f	GET	/users	http://localhost:3000
20240509	01:32:25	f90c0272-bb9c-47ae-b6f0-93fa1dba4047	OPTIONS	/notes	http://localhost:3000
20240509	01:32:25	b5989517-6ddf-46c9-80a9-a5e682a47ad8	GET	/notes	http://localhost:3000
20240509	01:35:30	88f33144-376e-485b-b1bb-c1744ec8a52b	OPTIONS	/notes	http://localhost:3000
20240509	01:35:30	8df987dc-5e78-41bf-bf1e-69d89f3ebbda	GET	/notes	http://localhost:3000
20240509	01:35:38	9d437d3f-ed78-456f-a8ae-5cab605667b4	OPTIONS	/notes	http://localhost:3000
20240509	01:35:38	e4f5e0c0-4ac3-4bba-9b84-c4738c415ecd	GET	/notes	http://localhost:3000
20240509	01:35:40	65b95010-700a-4323-b449-0db7f3781877	GET	/notes	http://localhost:3000
20240509	01:36:37	a79a383f-c8be-4dc4-9d67-02667cf50eeb	OPTIONS	/auth	http://localhost:3000
20240509	01:36:37	58d6e206-b977-41ed-af28-4590a23fc217	POST	/auth	http://localhost:3000
20240509	01:36:38	cfd40411-fab3-4cf7-8d21-1ce784cc2477	OPTIONS	/notes	http://localhost:3000
20240509	01:36:38	2d1599f5-cdef-4d03-b969-e496abce4553	OPTIONS	/users	http://localhost:3000
20240509	01:36:38	28a6c7d9-e751-40e5-b62a-3df468c6ef23	GET	/notes	http://localhost:3000
20240509	01:36:38	cd58de27-64b5-4d09-846e-eb799983bb3d	GET	/users	http://localhost:3000
20240509	01:36:48	a602bd77-6880-4bf1-89ed-7915a2683bd5	OPTIONS	/notes	http://localhost:3000
20240509	01:36:48	b3ce4d3d-7754-4209-8cd5-051e06659e88	GET	/notes	http://localhost:3000
20240509	01:37:00	c53f5087-fa1f-437e-9229-8f7ae674c740	OPTIONS	/notes	http://localhost:3000
20240509	01:37:00	cd3e828f-ab11-48eb-b810-5027db43d9ad	GET	/notes	http://localhost:3000
20240509	01:37:02	ee612b51-f89a-45b3-87ba-d25f3c3f92f8	GET	/notes	http://localhost:3000
20240509	01:37:15	b38205b7-3818-445c-bc6b-90d95b7971a9	OPTIONS	/notes	http://localhost:3000
20240509	01:37:15	eca52974-1706-4430-b48b-861ae96a7d59	GET	/notes	http://localhost:3000
20240509	01:37:17	60c66a8f-e22e-4f86-81ae-aff5bcfe77c3	GET	/notes	http://localhost:3000
20240509	01:37:29	d51baed1-c0eb-49bf-9a8f-b07bde45f1f0	OPTIONS	/notes	http://localhost:3000
20240509	01:37:29	aa7ee25e-3b46-4611-821e-404891082f7a	GET	/notes	http://localhost:3000
20240509	01:37:32	971d7544-c797-499c-8a24-dbfb783c9f62	GET	/notes	http://localhost:3000
20240509	01:37:39	2809ae49-d972-4768-b6d1-3d46823b462d	OPTIONS	/notes	http://localhost:3000
20240509	01:37:39	a91d0bc9-4ce3-495a-87ed-87258d6e8466	GET	/notes	http://localhost:3000
20240509	01:37:42	1a26fda3-0d12-4fa6-9c47-064f9ccf50ab	OPTIONS	/users	http://localhost:3000
20240509	01:37:42	4b33334b-0cf9-463f-aaea-48de619c3760	GET	/notes	http://localhost:3000
20240509	01:37:42	fc0bfd89-c21a-47a2-b45b-fbf99741f4fd	GET	/users	http://localhost:3000
20240509	01:37:45	d9ad6d1e-4451-4988-8c44-0c30be261108	OPTIONS	/notes	http://localhost:3000
20240509	01:37:45	929c25ee-2c81-4916-baf6-6d519a5d46cd	GET	/notes	http://localhost:3000
20240509	01:37:50	cad5159c-177e-4690-b3bc-155e0d3dcc8f	OPTIONS	/notes	http://localhost:3000
20240509	01:37:50	b7cd330f-9a76-4613-a7ba-9b5c65c7616b	GET	/notes	http://localhost:3000
20240509	01:44:17	d8429ec1-bdeb-471c-97b9-dd60bb58c16b	OPTIONS	/notes	http://localhost:3000
20240509	01:44:17	677b5381-409a-448f-8f79-c511b64dbd60	GET	/notes	http://localhost:3000
20240509	01:44:32	69dba821-0441-4e39-807e-d850958cb5b7	OPTIONS	/notes	http://localhost:3000
20240509	01:44:32	b498c3ef-bf1c-439b-87c9-1232f9c00bcf	GET	/notes	http://localhost:3000
20240509	01:44:38	8f046a54-a3b8-4747-bd97-2291beff9de8	OPTIONS	/notes	http://localhost:3000
20240509	01:44:38	4a322786-bba2-4db1-9d42-714a0c0eab4d	OPTIONS	/users	http://localhost:3000
20240509	01:44:38	da819164-fa2d-441f-a0cf-815082c224ed	GET	/notes	http://localhost:3000
20240509	01:44:38	cae69513-50f9-411f-9ce3-6e4ad7749073	GET	/users	http://localhost:3000
20240509	01:44:38	7df437fc-e0f3-418e-a923-5092b9c35c72	GET	/notes	http://localhost:3000
20240509	01:44:42	a301a9c6-ff79-40e2-81a0-46190c9471bb	OPTIONS	/auth/logout	http://localhost:3000
20240509	01:44:42	32ad3a96-dd65-47b0-84e5-dc2345736788	POST	/auth/logout	http://localhost:3000
20240509	01:44:47	8bee1e14-8899-46c0-bf1f-063d5c4771f1	OPTIONS	/auth	http://localhost:3000
20240509	01:44:47	f7fa9f7f-6333-4bc7-a115-5901e5109e52	POST	/auth	http://localhost:3000
20240509	01:44:47	92cc0a7b-64e7-4ffb-b969-9db5af4fd4a4	OPTIONS	/notes	http://localhost:3000
20240509	01:44:47	82475967-8b2c-4796-8a6c-ca7aacae05d3	OPTIONS	/users	http://localhost:3000
20240509	01:44:47	235e6f81-a56f-40a7-8cb8-0510b5c9baf9	GET	/notes	http://localhost:3000
20240509	01:44:47	c73491b1-18ee-4e49-ae47-205023bba8de	GET	/users	http://localhost:3000
20240509	01:44:50	24d44f06-6a54-4aa5-a2cb-9f9784803165	GET	/notes	http://localhost:3000
20240509	01:45:05	07794e4c-2371-454e-8a9c-596f25f2fec0	OPTIONS	/notes	http://localhost:3000
20240509	01:45:05	b68a6dac-c197-45fb-88fb-a3f3e228824a	GET	/notes	http://localhost:3000
20240509	01:45:07	efddbd82-9a62-4be3-9269-818579a2c09d	GET	/notes	http://localhost:3000
20240509	01:45:22	e5ee0ad6-f8ff-49ec-a56f-83e858b9e24a	OPTIONS	/notes	http://localhost:3000
20240509	01:45:22	a497ea37-d5bd-419b-9b83-4c78d026ed2a	GET	/notes	http://localhost:3000
20240509	02:03:55	8aa208df-f85c-4576-87f7-acf8f965813e	OPTIONS	/auth	http://localhost:3000
20240509	02:03:55	c5774c33-41d8-4de1-b860-c9aea07e9ae4	POST	/auth	http://localhost:3000
20240509	02:03:55	6e63a7ce-236a-4c89-b685-729a19b0b125	OPTIONS	/notes	http://localhost:3000
20240509	02:03:55	b6758133-6986-4b6c-ac31-cc27184e0458	OPTIONS	/users	http://localhost:3000
20240509	02:03:55	cd8bd943-a4f2-49c3-92c9-8a255a1a6009	GET	/notes	http://localhost:3000
20240509	02:03:55	7aca886a-438d-4287-be3f-e7f3f0c691af	GET	/users	http://localhost:3000
20240509	02:04:08	728f0ce0-dfd4-49f8-b1a6-f5c53c67dbcf	OPTIONS	/notes	http://localhost:3000
20240509	02:04:08	5ab80113-3ce6-41a9-ba47-2f4c5cb47987	OPTIONS	/users	http://localhost:3000
20240509	02:04:08	858e4364-4f02-45d1-95a7-5ed43e736162	GET	/users	http://localhost:3000
20240509	02:04:08	c6f4bd97-c3af-43ac-8972-c09fcece8359	GET	/notes	http://localhost:3000
20240509	02:04:11	766656fd-cd64-465c-a065-fdd7b8583d0b	GET	/users	http://localhost:3000
20240509	02:04:11	b26505bf-8f38-4062-bffe-32d3b0bd7214	GET	/notes	http://localhost:3000
20240509	02:04:13	7696d5dc-18e1-41fb-a230-b325b980505e	GET	/notes	http://localhost:3000
20240509	02:04:13	8191dcd2-6896-46dc-abf0-58b9abc8bdf6	GET	/users	http://localhost:3000
20240509	02:05:35	68b56dfc-16ae-405c-a8ed-4c89aa307ec1	OPTIONS	/auth	http://localhost:3000
20240509	02:05:35	bfb949b2-d6d0-4c24-a220-78a9c5a99750	POST	/auth	http://localhost:3000
20240509	02:05:35	84b2bef9-93d5-4339-bc25-b1c75fc3717d	OPTIONS	/notes	http://localhost:3000
20240509	02:05:35	308da40d-1c2e-42b4-bd27-b460160852a5	OPTIONS	/users	http://localhost:3000
20240509	02:05:35	6084c7d4-aa07-4232-8d9b-f4dd6ce437f6	GET	/notes	http://localhost:3000
20240509	02:05:35	49f47170-7eeb-4e46-8a0a-89e3a2779dc3	GET	/users	http://localhost:3000
20240509	02:07:04	ee69dbe9-20eb-45b2-9b68-926e7f055a3a	OPTIONS	/auth	http://localhost:3000
20240509	02:07:04	9b28bc10-cfb8-486e-bc34-9ad452b666b9	POST	/auth	http://localhost:3000
20240509	02:07:05	59d18f54-9d2c-43a4-a0ba-8095b4f9fbc7	OPTIONS	/notes	http://localhost:3000
20240509	02:07:05	0212762e-d5f5-4085-b92d-454a77529486	OPTIONS	/users	http://localhost:3000
20240509	02:07:05	9959635a-79bb-4004-88b2-b3ebcaeb8ebd	GET	/notes	http://localhost:3000
20240509	02:07:05	e17018b1-2475-4b05-ab83-e33a320fec4b	GET	/users	http://localhost:3000
20240509	02:07:09	21591b7d-4177-4ddb-96cb-6e750f69e5de	GET	/notes	http://localhost:3000
20240509	02:07:24	ce56ce63-b296-4f7d-960b-c40bc540a51f	OPTIONS	/notes	http://localhost:3000
20240509	02:07:24	9e68e12e-f4a5-4005-8a8e-24ed4bc1ca04	GET	/notes	http://localhost:3000
20240509	02:07:33	fbab6229-7a2c-4b65-9229-3dfa4367e2b0	OPTIONS	/notes	http://localhost:3000
20240509	02:07:33	192234a8-0cbf-4515-a3ed-2c5ca132872b	GET	/notes	http://localhost:3000
20240509	02:07:39	9236a342-204b-4762-89e2-573a29d6830c	OPTIONS	/notes	http://localhost:3000
20240509	02:07:39	9f5cb3ae-9781-46ab-a31c-a4aa3b637dfa	GET	/notes	http://localhost:3000
20240509	02:07:49	f0a2f5c4-af65-4b8e-8bd9-5659aae6d619	OPTIONS	/notes	http://localhost:3000
20240509	02:07:49	b83e53d6-77b7-4f79-ace8-f32ae13d4e27	GET	/notes	http://localhost:3000
20240509	02:07:52	785a9a6a-7cba-44f5-b82a-793894925a1c	GET	/notes	http://localhost:3000
20240509	02:08:10	a7f474e3-4020-42ef-80ac-421e2bdd38b1	OPTIONS	/notes	http://localhost:3000
20240509	02:08:10	66cd8bec-b20f-416c-a1f9-dba385465be7	GET	/notes	http://localhost:3000
20240509	02:08:25	22daca56-4d83-4c3b-b780-c2407b30b91b	OPTIONS	/notes	http://localhost:3000
20240509	02:08:25	1be5069d-2da2-4b84-9c56-48703f0d24c4	GET	/notes	http://localhost:3000
20240509	02:08:40	e568f42a-cf9c-4059-9995-41b23a1e5a86	OPTIONS	/notes	http://localhost:3000
20240509	02:08:40	24a7cc68-4fe2-4bbc-9f03-9a462b6e54c1	GET	/notes	http://localhost:3000
20240509	02:08:55	7bd7b2e0-33cb-44a4-a9e0-f1e19a74af68	OPTIONS	/notes	http://localhost:3000
20240509	02:08:55	3909aa30-1baa-4dfc-8e69-80977253d4b1	GET	/notes	http://localhost:3000
20240509	02:09:10	137995fa-f707-4a51-b265-5f2fa2d98838	OPTIONS	/notes	http://localhost:3000
20240509	02:09:10	9aedb768-bcd5-4d1d-b9ef-c74a054a9ea1	GET	/notes	http://localhost:3000
20240509	02:09:25	9282a76d-1b21-4fa8-83ae-a2038cda6109	OPTIONS	/notes	http://localhost:3000
20240509	02:09:25	be2e3c22-bd3a-4704-9681-cb991491c26a	GET	/notes	http://localhost:3000
20240509	02:09:40	9fa0aa0d-ee48-41d7-8106-ea48dc586302	OPTIONS	/notes	http://localhost:3000
20240509	02:09:40	0d26db96-7785-4637-8e20-174d8b4dfa05	GET	/notes	http://localhost:3000
20240509	02:09:55	48ee80a8-40db-45de-8113-b7a2773617b5	OPTIONS	/notes	http://localhost:3000
20240509	02:09:55	b1454191-b986-4575-96bd-81016a203589	GET	/notes	http://localhost:3000
20240509	02:10:17	c0f39892-eeaf-47dc-a0e4-1926f0893112	OPTIONS	/notes	http://localhost:3000
20240509	02:10:17	d47ac71d-b580-4b6a-9561-469d801a9089	GET	/notes	http://localhost:3000
20240509	02:10:32	8f19a9e7-4bbc-45d7-aa8d-709b5b3f8232	OPTIONS	/notes	http://localhost:3000
20240509	02:10:32	f8c1a4a2-2885-46ef-bcfa-651ab158031e	GET	/notes	http://localhost:3000
20240509	02:10:47	b71751df-7673-4ca7-af92-74a2c3cf54ed	OPTIONS	/notes	http://localhost:3000
20240509	02:10:47	6b1b8a7f-e88f-4247-925c-be9fb7a0c7a5	GET	/notes	http://localhost:3000
20240509	02:11:01	f3e7097a-5f5f-4d0a-bc0e-6d9c237583e6	OPTIONS	/notes	http://localhost:3000
20240509	02:11:01	c7ac3fe7-cfd3-429f-9506-38139ab48b96	GET	/notes	http://localhost:3000
20240509	02:11:16	d9aeb81d-b068-4cbd-a1be-05882d8b7070	OPTIONS	/notes	http://localhost:3000
20240509	02:11:16	a49bedac-a205-4813-9c81-1e203b78b9b9	GET	/notes	http://localhost:3000
20240509	02:11:31	8e266403-4204-4283-8c25-9d9e67596f3d	OPTIONS	/notes	http://localhost:3000
20240509	02:11:31	04e13831-f530-486e-b24c-326fad421793	GET	/notes	http://localhost:3000
20240509	02:11:43	e9844455-9bda-42b0-a173-385580a8f0a8	OPTIONS	/notes	http://localhost:3000
20240509	02:11:43	b23fb9c4-d27a-4d68-a676-f1eaffa4372a	GET	/notes	http://localhost:3000
20240509	02:11:58	7fb4e398-d352-4225-84b7-aa4dfa01cee8	OPTIONS	/notes	http://localhost:3000
20240509	02:11:58	f229cfbd-5567-4c49-a972-f78fda578cb5	GET	/notes	http://localhost:3000
20240509	02:12:13	3ec17fb9-50f1-4326-a218-bc2c1a193e05	OPTIONS	/notes	http://localhost:3000
20240509	02:12:13	7cede354-9c03-40b4-9188-9cd30ed9d3ef	GET	/notes	http://localhost:3000
20240509	02:13:19	ff3869b6-ac35-4def-a088-b3b7cfc40afb	OPTIONS	/notes	http://localhost:3000
20240509	02:13:19	82dde80a-6b61-4647-a76a-23489266ccd9	GET	/notes	http://localhost:3000
20240509	02:13:30	8ec00716-ad2e-42f0-9582-0a6deefdecf6	OPTIONS	/auth	http://localhost:3000
20240509	02:13:30	73bb18ec-f848-4d6f-8e9c-3c438acecf74	POST	/auth	http://localhost:3000
20240509	02:13:30	ae85402a-1443-46c4-b298-9b2a4f96e5c5	OPTIONS	/notes	http://localhost:3000
20240509	02:13:30	eec20b5e-aebb-45ef-93ea-0f8f58060b9b	OPTIONS	/users	http://localhost:3000
20240509	02:13:30	d935910c-fbe0-4ec7-a817-c5dbc8a5e043	GET	/notes	http://localhost:3000
20240509	02:13:30	dc07a1e8-716a-4ec5-98d5-a7d6dae1d6b8	GET	/users	http://localhost:3000
20240509	02:13:40	a29c9b16-f26f-48ff-a850-89ee0268685b	OPTIONS	/notes	http://localhost:3000
20240509	02:13:40	6adc74bb-99f0-470c-8860-76ddce2084f0	GET	/notes	http://localhost:3000
20240509	02:13:56	8c3df8c8-20f8-4264-81a1-bd660f5a9c12	OPTIONS	/notes	http://localhost:3000
20240509	02:13:56	002b54bd-e910-4027-b5af-4276ad73c1a1	GET	/notes	http://localhost:3000
20240509	02:14:11	051b0a9d-f9df-4c98-be0b-e24a1780c7b4	OPTIONS	/notes	http://localhost:3000
20240509	02:14:11	58420e13-835b-4d23-88a3-28ee65a3c8fa	GET	/notes	http://localhost:3000
20240509	02:14:15	58dfb826-4da9-49d4-bcf9-98f42ca5d175	GET	/notes	http://localhost:3000
20240509	02:14:30	bcab7096-415c-4e66-809d-e3ede79ead97	OPTIONS	/notes	http://localhost:3000
20240509	02:14:30	b6a97f97-3454-40d4-bf86-9b219f585d3a	GET	/notes	http://localhost:3000
20240509	02:14:45	0b7cd87c-0288-486d-87a4-fb4a9d712868	OPTIONS	/notes	http://localhost:3000
20240509	02:14:45	b2ba3666-65cc-4aff-bf8b-6eda7a89af6c	GET	/notes	http://localhost:3000
20240509	02:14:55	d328d922-8240-4f38-a175-dd680bd43fa8	OPTIONS	/notes	http://localhost:3000
20240509	02:14:55	8448ee27-6a1a-481f-97cf-fcbc58d47ed3	GET	/notes	http://localhost:3000
20240509	02:15:10	437ae51a-739c-4492-a1c8-562ac851032f	OPTIONS	/notes	http://localhost:3000
20240509	02:15:10	1d855b53-014d-4b9f-b183-231db46735f1	GET	/notes	http://localhost:3000
20240509	02:15:46	45dc9079-a42d-4662-bb96-1d0f22d53971	OPTIONS	/auth	http://localhost:3000
20240509	02:15:46	24fed64a-60e6-47ca-bcc3-e335c9591070	POST	/auth	http://localhost:3000
20240509	02:15:46	7b3b835f-bb14-4c5b-b79d-087e039f7c59	OPTIONS	/notes	http://localhost:3000
20240509	02:15:46	23e4782a-8f6d-4ede-99a6-7b1cf70ca940	OPTIONS	/users	http://localhost:3000
20240509	02:15:46	61b1d618-4e30-489c-969c-b8457289b9d3	GET	/notes	http://localhost:3000
20240509	02:15:46	f51910b7-7928-492e-b847-6d00ab514845	GET	/users	http://localhost:3000
20240509	02:15:57	a75b28ec-2224-4e5e-8ff4-81098a326f36	OPTIONS	/notes	http://localhost:3000
20240509	02:15:57	0772717c-4adb-4054-ad20-9c00fdb789d2	POST	/notes	http://localhost:3000
20240509	02:15:57	e4ea86d1-0f92-4c77-abce-a3939b52646c	GET	/notes	http://localhost:3000
20240509	02:16:12	989d8bfe-fc48-4318-97d8-58cf8fd288c3	OPTIONS	/notes	http://localhost:3000
20240509	02:16:12	05ef00e9-01fe-4550-b842-3a571c4a3b90	GET	/notes	http://localhost:3000
20240509	02:16:24	2c6493e9-bf9f-4f6f-9474-119ec6dee66f	OPTIONS	/notes	http://localhost:3000
20240509	02:16:24	981de7a8-0630-42c1-a744-526636e7952a	PATCH	/notes	http://localhost:3000
20240509	02:16:24	d147f575-2056-463a-b138-582224fe4697	GET	/notes	http://localhost:3000
20240510	00:05:20	7938868a-f750-4345-9809-ac432ad7e89c	OPTIONS	/auth	http://localhost:3000
20240510	00:05:20	ebdfa181-e22b-407a-a663-42fc2cf0d16b	POST	/auth	http://localhost:3000
20240510	00:05:20	f87b6151-275a-4357-a47b-3f4d6111271a	OPTIONS	/notes	http://localhost:3000
20240510	00:05:20	da120d74-fb3a-4fa3-b70f-bd99d881cd26	OPTIONS	/users	http://localhost:3000
20240510	00:05:20	9d963951-c8cd-47b1-afd5-ef824d495718	GET	/notes	http://localhost:3000
20240510	00:05:20	b2e11046-6fcc-4e07-8d36-a8a8d3d939f3	GET	/users	http://localhost:3000
20240510	00:05:38	c4b5110e-fdc7-4b7f-adbe-d14abb59358f	OPTIONS	/notes	http://localhost:3000
20240510	00:05:38	a1983da1-88ea-40a4-b7cc-7b385079fde8	GET	/notes	http://localhost:3000
